[2022-12-14T08:41:09.591+0000] {taskinstance.py:1087} INFO - Dependencies all met for <TaskInstance: daily_spotify_etl.spotify_refresh_token manual__2022-12-14T08:41:07.634602+00:00 [queued]>
[2022-12-14T08:41:09.601+0000] {taskinstance.py:1087} INFO - Dependencies all met for <TaskInstance: daily_spotify_etl.spotify_refresh_token manual__2022-12-14T08:41:07.634602+00:00 [queued]>
[2022-12-14T08:41:09.602+0000] {taskinstance.py:1283} INFO - 
--------------------------------------------------------------------------------
[2022-12-14T08:41:09.603+0000] {taskinstance.py:1284} INFO - Starting attempt 1 of 1
[2022-12-14T08:41:09.606+0000] {taskinstance.py:1285} INFO - 
--------------------------------------------------------------------------------
[2022-12-14T08:41:09.621+0000] {taskinstance.py:1304} INFO - Executing <Task(SimpleHttpOperator): spotify_refresh_token> on 2022-12-14 08:41:07.634602+00:00
[2022-12-14T08:41:09.631+0000] {standard_task_runner.py:55} INFO - Started process 11933 to run task
[2022-12-14T08:41:09.637+0000] {standard_task_runner.py:82} INFO - Running: ['***', 'tasks', 'run', 'daily_spotify_etl', 'spotify_refresh_token', 'manual__2022-12-14T08:41:07.634602+00:00', '--job-id', '10', '--raw', '--subdir', 'DAGS_FOLDER/daily_dag.py', '--cfg-path', '/tmp/tmpz7052_g6']
[2022-12-14T08:41:09.646+0000] {standard_task_runner.py:83} INFO - Job 10: Subtask spotify_refresh_token
[2022-12-14T08:41:09.748+0000] {task_command.py:389} INFO - Running <TaskInstance: daily_spotify_etl.spotify_refresh_token manual__2022-12-14T08:41:07.634602+00:00 [running]> on host b92abc15fbab
[2022-12-14T08:41:09.871+0000] {taskinstance.py:1513} INFO - Exporting the following env vars:
AIRFLOW_CTX_DAG_OWNER=***
AIRFLOW_CTX_DAG_ID=daily_spotify_etl
AIRFLOW_CTX_TASK_ID=spotify_refresh_token
AIRFLOW_CTX_EXECUTION_DATE=2022-12-14T08:41:07.634602+00:00
AIRFLOW_CTX_TRY_NUMBER=1
AIRFLOW_CTX_DAG_RUN_ID=manual__2022-12-14T08:41:07.634602+00:00
[2022-12-14T08:41:09.888+0000] {http.py:123} INFO - Calling HTTP method
[2022-12-14T08:41:09.908+0000] {base.py:73} INFO - Using connection ID 'access_token_spotify' for task execution.
[2022-12-14T08:41:09.914+0000] {http.py:150} INFO - Sending 'POST' to url: https://accounts.spotify.com/api/token
[2022-12-14T08:41:10.137+0000] {http.py:163} ERROR - HTTP error: Bad Request
[2022-12-14T08:41:10.141+0000] {http.py:164} ERROR - {"error":"invalid_client","error_description":"Invalid client"}
[2022-12-14T08:41:10.157+0000] {taskinstance.py:1772} ERROR - Task failed with exception
Traceback (most recent call last):
  File "/home/airflow/.local/lib/python3.7/site-packages/airflow/providers/http/hooks/http.py", line 161, in check_response
    response.raise_for_status()
  File "/home/airflow/.local/lib/python3.7/site-packages/requests/models.py", line 1021, in raise_for_status
    raise HTTPError(http_error_msg, response=self)
requests.exceptions.HTTPError: 400 Client Error: Bad Request for url: https://accounts.spotify.com/api/token

During handling of the above exception, another exception occurred:

Traceback (most recent call last):
  File "/home/airflow/.local/lib/python3.7/site-packages/airflow/providers/http/operators/http.py", line 125, in execute
    response = http.run(self.endpoint, self.data, self.headers, self.extra_options)
  File "/home/airflow/.local/lib/python3.7/site-packages/airflow/providers/http/hooks/http.py", line 151, in run
    return self.run_and_check(session, prepped_request, extra_options)
  File "/home/airflow/.local/lib/python3.7/site-packages/airflow/providers/http/hooks/http.py", line 204, in run_and_check
    self.check_response(response)
  File "/home/airflow/.local/lib/python3.7/site-packages/airflow/providers/http/hooks/http.py", line 165, in check_response
    raise AirflowException(str(response.status_code) + ":" + response.reason)
airflow.exceptions.AirflowException: 400:Bad Request
[2022-12-14T08:41:10.173+0000] {taskinstance.py:1327} INFO - Marking task as FAILED. dag_id=daily_spotify_etl, task_id=spotify_refresh_token, execution_date=20221214T084107, start_date=20221214T084109, end_date=20221214T084110
[2022-12-14T08:41:10.192+0000] {standard_task_runner.py:105} ERROR - Failed to execute job 10 for task spotify_refresh_token (400:Bad Request; 11933)
[2022-12-14T08:41:10.256+0000] {local_task_job.py:159} INFO - Task exited with return code 1
[2022-12-14T08:41:10.311+0000] {taskinstance.py:2582} INFO - 0 downstream tasks scheduled from follow-on schedule check
